Flutter crash report.
Please report a bug at https://github.com/flutter/flutter/issues.

## command

flutter run --machine -d emulator-5554 --profile --devtools-server-address http://127.0.0.1:9100/ --target lib\presentation\b_ring_dash_screen\b_ring_dash_screen.dart

## exception

String: failed to connect to http://127.0.0.1:63670/vVhLv0vIQbA=/

```
```

## flutter doctor

```
[✓] Flutter (Channel stable, 3.13.9, on Microsoft Windows [Version 10.0.22621.2428], locale en-US)
    • Flutter version 3.13.9 on channel stable at C:\Users\jnel2\OneDrive\Documents\flutter_windows_3.13.9-stable\flutter
    • Upstream repository https://github.com/flutter/flutter.git
    • Framework revision d211f42860 (4 weeks ago), 2023-10-25 13:42:25 -0700
    • Engine revision 0545f8705d
    • Dart version 3.1.5
    • DevTools version 2.25.0

[✓] Windows Version (Installed version of Windows is version 10 or higher)

[✓] Android toolchain - develop for Android devices (Android SDK version 34.0.0)
    • Android SDK at C:\Users\jnel2\AppData\Local\Android\sdk
    • Platform android-UpsideDownCakePrivacySandbox, build-tools 34.0.0
    • Java binary at: C:\Program Files\Android\Android Studio\jbr\bin\java
    • Java version OpenJDK Runtime Environment (build 17.0.6+0-b2043.56-10027231)
    • All Android licenses accepted.

[✓] Chrome - develop for the web
    • Chrome at C:\Program Files\Google\Chrome\Application\chrome.exe

[✓] Visual Studio - develop Windows apps (Visual Studio Community 2022 17.7.6)
    • Visual Studio at C:\Program Files\Microsoft Visual Studio\2022\Community
    • Visual Studio Community 2022 version 17.7.34221.43
    • Windows 10 SDK version 10.0.22621.0

[✓] Android Studio (version 2022.3)
    • Android Studio at C:\Program Files\Android\Android Studio
    • Flutter plugin can be installed from:
      🔨 https://plugins.jetbrains.com/plugin/9212-flutter
    • Dart plugin can be installed from:
      🔨 https://plugins.jetbrains.com/plugin/6351-dart
    • Java version OpenJDK Runtime Environment (build 17.0.6+0-b2043.56-10027231)

[✓] VS Code (version unknown)
    • VS Code at C:\Users\jnel2\AppData\Local\Programs\Microsoft VS Code
    • Flutter extension version 3.76.0
    ✗ Unable to determine VS Code version.

[✓] Connected device (4 available)
    • sdk gphone64 x86 64 (mobile) • emulator-5554 • android-x64    • Android 14 (API 34) (emulator)
    • Windows (desktop)            • windows       • windows-x64    • Microsoft Windows [Version 10.0.22621.2428]
    • Chrome (web)                 • chrome        • web-javascript • Google Chrome 119.0.6045.160
    • Edge (web)                   • edge          • web-javascript • Microsoft Edge 119.0.2151.72

[✓] Network resources
    • All expected network resources are available.

• No issues found!
```
